Oct 23 10:41 : exception: RTIOThread could not get realtime scheduling, continuing anyway: sched_setscheduler failed: Operation not permitted
Oct 23 10:41 : client: [0] opened from [::1]:49478
Oct 23 10:41 : avahi: Service 'Music Player @ x250' successfully established.
Oct 23 10:41 : client: [1] opened from [::1]:49480
Oct 23 10:41 : exception: Failed to open /home/quantrancse/.mpd/playlists: No such file or directory
Oct 23 10:41 : update: removing ♬NightCore - 剛好遇見你  ( HoongSound Remix ).mp3
Oct 23 10:41 : update: removing Elemental World - ChouCho.flac
Oct 23 10:41 : update: removing Moi Cau Deu Ngot Ngao - Tan Lac Tran Phu.flac
Oct 23 10:41 : update: removing 刚好遇见你 (Phạm Thành Remix) ♪.mp3
Oct 23 10:41 : update: removing NightCore-Something_Just_Like_This.mp3
Oct 23 10:41 : update: removing Nightcore - River Flows In You.mp3
Oct 23 10:41 : update: removing Nightcore - Die Young.mp3
Oct 23 10:41 : update: removing Lost Sky - Dreams pt.II.mp3
Oct 23 10:41 : exception: Failed to open /home/quantrancse/.mpd/playlists: No such file or directory
Oct 23 10:41 : client: [1] closed
Oct 23 10:43 : client: [2] opened from [::1]:49582
Oct 23 10:43 : exception: Failed to open /home/quantrancse/.mpd/playlists: No such file or directory
Oct 23 10:43 : update: added /Haru Haru - BIGBANG.flac
Oct 23 10:43 : exception: Failed to open /home/quantrancse/.mpd/playlists: No such file or directory
Oct 23 10:43 : exception: OutputThread could not get realtime scheduling, continuing anyway: sched_setscheduler failed: Operation not permitted
Oct 23 10:43 : exception: OutputThread could not get realtime scheduling, continuing anyway: sched_setscheduler failed: Operation not permitted
Oct 23 10:44 : client: [3] opened from [::1]:49586
Oct 23 10:44 : client: [3] closed
Oct 23 10:44 : client: [4] opened from [::1]:49588
Oct 23 10:44 : client: [4] closed
Oct 23 10:44 : client: [5] opened from [::1]:49590
Oct 23 10:44 : client: [5] closed
Oct 23 10:44 : client: [6] opened from [::1]:49592
Oct 23 10:44 : client: [6] closed
Oct 23 10:44 : client: [7] opened from [::1]:49594
Oct 23 10:44 : client: [7] closed
Oct 23 10:44 : client: [8] opened from [::1]:49596
Oct 23 10:44 : client: [8] closed
Oct 23 10:44 : client: [9] opened from [::1]:49598
Oct 23 10:44 : client: [9] closed
Oct 23 10:44 : client: [10] opened from [::1]:49600
Oct 23 10:44 : client: [10] closed
Oct 23 10:44 : client: [11] opened from [::1]:49602
Oct 23 10:44 : client: [11] closed
Oct 23 10:44 : client: [12] opened from [::1]:49604
Oct 23 10:44 : client: [12] closed
Oct 23 10:44 : client: [13] opened from [::1]:49606
Oct 23 10:44 : player: played "Haru Haru - BIGBANG.flac"
Oct 23 10:44 : client: [13] closed
Oct 23 10:50 : client: [2] closed
Oct 23 10:56 : client: [0] closed
Oct 23 10:56 : client: [14] opened from [::1]:49720
Oct 23 10:57 : client: [14] closed
Oct 23 10:57 : client: [15] opened from [::1]:49722
Oct 23 10:57 : client: [15] closed
Oct 23 10:57 : client: [16] opened from [::1]:49724
Oct 23 10:57 : client: [16] closed
Oct 23 10:57 : client: [17] opened from [::1]:49726
Oct 23 10:57 : client: [17] closed
Oct 23 10:57 : client: [18] opened from [::1]:49728
Oct 23 10:57 : client: [18] closed
Oct 23 10:57 : client: [19] opened from [::1]:49730
Oct 23 10:57 : client: [19] closed
Oct 23 10:57 : client: [20] opened from [::1]:49732
Oct 23 10:57 : client: [20] closed
Oct 23 10:57 : client: [21] opened from [::1]:49734
Oct 23 10:58 : client: [21] closed
Oct 23 10:58 : client: [22] opened from [::1]:49736
Oct 23 10:58 : client: [22] closed
Oct 23 10:58 : client: [23] opened from [::1]:49738
Oct 23 10:59 : client: [23] closed
Oct 23 10:59 : client: [24] opened from [::1]:49742
Oct 23 10:59 : client: [24] closed
Oct 23 10:59 : client: [25] opened from [::1]:49744
Oct 23 10:59 : client: [25] closed
Oct 23 10:59 : client: [26] opened from [::1]:49746
Oct 23 10:59 : client: [26] closed
Oct 23 10:59 : client: [27] opened from [::1]:49748
Oct 23 11:00 : client: [27] closed
Oct 23 11:00 : client: [28] opened from [::1]:49750
Oct 23 11:00 : client: [28] closed
Oct 23 11:00 : client: [29] opened from [::1]:49752
Oct 23 11:00 : client: [29] closed
Oct 23 11:00 : client: [30] opened from [::1]:49754
Oct 23 11:00 : client: [30] closed
Oct 23 11:00 : client: [31] opened from [::1]:49756
Oct 23 11:01 : client: [31] closed
Oct 23 11:01 : client: [32] opened from [::1]:49796
Oct 23 11:01 : client: [32] closed
Oct 23 11:01 : client: [33] opened from [::1]:49798
Oct 23 11:07 : exception: RTIOThread could not get realtime scheduling, continuing anyway: sched_setscheduler failed: Operation not permitted
Oct 23 11:07 : avahi: Service 'Music Player @ x250' successfully established.
Oct 23 11:07 : client: [0] opened from [::1]:56156
Oct 23 11:09 : client: [0] closed
Oct 23 11:09 : client: [1] opened from [::1]:56210
Oct 23 11:09 : client: [1] closed
Oct 23 11:09 : client: [2] opened from [::1]:56212
Oct 23 11:10 : client: [2] closed
Oct 23 11:10 : client: [3] opened from [::1]:56216
Oct 23 11:10 : client: [3] closed
Oct 23 11:10 : client: [4] opened from [::1]:56218
Oct 23 11:11 : client: [4] closed
Oct 23 11:11 : client: [5] opened from [::1]:56220
Oct 23 11:11 : client: [5] closed
Oct 23 11:11 : client: [6] opened from [::1]:56222
Oct 23 11:11 : client: [6] closed
Oct 23 11:11 : client: [7] opened from [::1]:56224
Oct 23 11:17 : client: [7] closed
Oct 23 11:17 : client: [8] opened from [::1]:56288
Oct 23 11:19 : exception: RTIOThread could not get realtime scheduling, continuing anyway: sched_setscheduler failed: Operation not permitted
Oct 23 11:19 : avahi: Service 'Music Player @ x250' successfully established.
Oct 23 11:19 : client: [0] opened from [::1]:41060
Oct 23 11:26 : exception: RTIOThread could not get realtime scheduling, continuing anyway: sched_setscheduler failed: Operation not permitted
Oct 23 11:26 : avahi: Service 'Music Player @ x250' successfully established.
Oct 23 11:26 : client: [0] opened from [::1]:51244
Oct 23 11:32 : exception: RTIOThread could not get realtime scheduling, continuing anyway: sched_setscheduler failed: Operation not permitted
Oct 23 11:32 : avahi: Service 'Music Player @ x250' successfully established.
Oct 23 11:32 : client: [0] opened from [::1]:55056
Oct 23 11:38 : exception: RTIOThread could not get realtime scheduling, continuing anyway: sched_setscheduler failed: Operation not permitted
Oct 23 11:38 : avahi: Service 'Music Player @ x250' successfully established.
Oct 23 11:38 : client: [0] opened from [::1]:40868
Oct 23 11:53 : client: [1] opened from [::1]:41114
Oct 23 11:53 : client: [1] closed
Oct 23 11:53 : client: [2] opened from [::1]:41116
Oct 23 11:53 : client: [2] closed
Oct 23 12:28 : client: [3] opened from [::1]:41236
Oct 23 12:28 : client: [3] closed
Oct 23 12:28 : client: [4] opened from [::1]:41250
Oct 23 12:28 : client: [4] closed
Oct 23 12:28 : client: [5] opened from [::1]:41252
Oct 23 12:28 : client: [5] closed
Oct 23 12:28 : client: [6] opened from [::1]:41254
Oct 23 12:28 : client: [6] closed
Oct 23 12:28 : exception: OutputThread could not get realtime scheduling, continuing anyway: sched_setscheduler failed: Operation not permitted
Oct 23 12:28 : exception: OutputThread could not get realtime scheduling, continuing anyway: sched_setscheduler failed: Operation not permitted
Oct 23 12:28 : client: [7] opened from [::1]:41258
Oct 23 12:28 : player: played "Haru Haru - BIGBANG.flac"
Oct 23 12:28 : client: [7] closed
Oct 23 15:29 : exception: RTIOThread could not get realtime scheduling, continuing anyway: sched_setscheduler failed: Operation not permitted
Oct 23 15:29 : client: [0] opened from [::1]:34552
Oct 23 15:29 : avahi: Service 'Music Player @ x250' successfully established.
Oct 23 15:42 : exception: RTIOThread could not get realtime scheduling, continuing anyway: sched_setscheduler failed: Operation not permitted
Oct 23 15:42 : client: [0] opened from [::1]:36630
Oct 23 15:42 : avahi: Service 'Music Player @ x250' successfully established.
Oct 23 15:43 : client: [0] closed
Oct 23 15:43 : client: [1] opened from [::1]:36634
Oct 23 16:07 : client: [1] closed
Oct 23 16:07 : client: [2] opened from [::1]:37018
Oct 23 16:09 : client: [2] closed
Oct 23 16:09 : client: [3] opened from [::1]:37022
Oct 23 16:09 : client: [4] opened from [::1]:37024
Oct 23 16:09 : client: [4] closed
Oct 23 16:09 : client: [5] opened from [::1]:37026
Oct 23 16:09 : client: [5] closed
Oct 23 16:12 : client: [3] closed
Oct 23 16:12 : client: [6] opened from [::1]:37040
Oct 23 16:15 : client: [6] closed
Oct 23 16:15 : client: [7] opened from [::1]:37072
Oct 23 16:16 : client: [7] closed
Oct 23 16:16 : client: [8] opened from [::1]:37076
Oct 23 16:17 : client: [8] closed
Oct 23 16:17 : client: [9] opened from [::1]:37080
Oct 23 16:18 : client: [10] opened from [::1]:37082
Oct 23 16:18 : client: [10] closed
Oct 23 16:18 : client: [11] opened from [::1]:37084
Oct 23 16:18 : client: [11] closed
Oct 23 16:18 : client: [9] closed
Oct 23 16:18 : client: [12] opened from [::1]:37086
Oct 23 16:18 : client: [13] opened from [::1]:37088
Oct 23 16:18 : client: [13] closed
Oct 23 16:18 : client: [14] opened from [::1]:37090
Oct 23 16:18 : client: [14] closed
Oct 23 16:38 : client: [15] opened from [::1]:37514
Oct 23 16:38 : client: [15] closed
Oct 23 16:38 : client: [16] opened from [::1]:37516
Oct 23 16:38 : client: [16] closed
Oct 23 16:38 : client: [17] opened from [::1]:37518
Oct 23 16:38 : client: [17] closed
Oct 23 16:38 : exception: OutputThread could not get realtime scheduling, continuing anyway: sched_setscheduler failed: Operation not permitted
Oct 23 16:38 : exception: OutputThread could not get realtime scheduling, continuing anyway: sched_setscheduler failed: Operation not permitted
Oct 23 16:38 : client: [18] opened from [::1]:37520
Oct 23 16:38 : client: [18] closed
Oct 23 16:38 : client: [19] opened from [::1]:37522
Oct 23 16:38 : client: [19] closed
Oct 23 16:38 : client: [20] opened from [::1]:37526
Oct 23 16:38 : client: [20] closed
Oct 23 16:38 : client: [21] opened from [::1]:37528
Oct 23 16:38 : client: [21] closed
Oct 23 16:42 : player: played "Haru Haru - BIGBANG.flac"
Oct 23 16:47 : player: played "Haru Haru - BIGBANG.flac"
Oct 23 16:51 : player: played "Haru Haru - BIGBANG.flac"
Oct 23 16:55 : client: [22] opened from [::1]:37578
Oct 23 16:55 : client: [22] closed
Oct 23 16:55 : client: [23] opened from [::1]:37580
Oct 23 16:55 : client: [23] closed
Oct 23 16:55 : client: [24] opened from [::1]:37582
Oct 23 16:55 : player: played "Haru Haru - BIGBANG.flac"
Oct 23 16:55 : client: [24] closed
Oct 23 16:56 : exception: RTIOThread could not get realtime scheduling, continuing anyway: sched_setscheduler failed: Operation not permitted
Oct 23 16:56 : client: [0] opened from [::1]:39974
Oct 23 16:56 : avahi: Service 'Music Player @ x250' successfully established.
Oct 23 16:59 : exception: RTIOThread could not get realtime scheduling, continuing anyway: sched_setscheduler failed: Operation not permitted
Oct 23 16:59 : avahi: Service 'Music Player @ x250' successfully established.
Oct 23 16:59 : client: [0] opened from [::1]:32854
Oct 23 17:07 : exception: RTIOThread could not get realtime scheduling, continuing anyway: sched_setscheduler failed: Operation not permitted
Oct 23 17:07 : client: [0] opened from [::1]:52712
Oct 23 17:07 : avahi: Service 'Music Player @ x250' successfully established.
Oct 23 17:11 : client: [1] opened from [::1]:52798
Oct 23 17:11 : client: [1] closed
Oct 23 17:11 : client: [2] opened from [::1]:52800
Oct 23 17:11 : client: [2] closed
Oct 23 17:13 : exception: RTIOThread could not get realtime scheduling, continuing anyway: sched_setscheduler failed: Operation not permitted
Oct 23 17:13 : client: [0] opened from [::1]:49802
Oct 23 17:13 : avahi: Service 'Music Player @ x250' successfully established.
Oct 23 17:14 : client: [0] closed
Oct 23 17:15 : client: [1] opened from [::1]:49816
Oct 23 17:19 : exception: RTIOThread could not get realtime scheduling, continuing anyway: sched_setscheduler failed: Operation not permitted
Oct 23 17:19 : avahi: Service 'Music Player @ x250' successfully established.
Oct 23 17:19 : client: [0] opened from [::1]:41482
Oct 23 17:26 : exception: RTIOThread could not get realtime scheduling, continuing anyway: sched_setscheduler failed: Operation not permitted
Oct 23 17:26 : client: [0] opened from [::1]:42680
Oct 23 17:26 : avahi: Service 'Music Player @ x250' successfully established.
Oct 23 17:33 : exception: RTIOThread could not get realtime scheduling, continuing anyway: sched_setscheduler failed: Operation not permitted
Oct 23 17:33 : client: [0] opened from [::1]:51646
Oct 23 17:33 : avahi: Service 'Music Player @ x250' successfully established.
Oct 23 17:54 : exception: RTIOThread could not get realtime scheduling, continuing anyway: sched_setscheduler failed: Operation not permitted
Oct 23 17:54 : client: [0] opened from [::1]:50538
Oct 23 17:54 : avahi: Service 'Music Player @ x250' successfully established.
Oct 23 19:44 : exception: RTIOThread could not get realtime scheduling, continuing anyway: sched_setscheduler failed: Operation not permitted
Oct 23 19:44 : client: [0] opened from [::1]:52238
Oct 23 19:44 : avahi: Service 'Music Player @ x250' successfully established.
Oct 23 19:51 : exception: RTIOThread could not get realtime scheduling, continuing anyway: sched_setscheduler failed: Operation not permitted
Oct 23 19:51 : avahi: Service 'Music Player @ x250' successfully established.
Oct 23 19:51 : client: [0] opened from [::1]:42060
Oct 23 19:53 : exception: RTIOThread could not get realtime scheduling, continuing anyway: sched_setscheduler failed: Operation not permitted
Oct 23 19:53 : avahi: Service 'Music Player @ x250' successfully established.
Oct 23 19:53 : client: [0] opened from [::1]:50932
Oct 23 19:59 : exception: RTIOThread could not get realtime scheduling, continuing anyway: sched_setscheduler failed: Operation not permitted
Oct 23 19:59 : client: [0] opened from [::1]:35826
Oct 23 19:59 : avahi: Service 'Music Player @ x250' successfully established.
Oct 23 20:01 : client: [1] opened from [::1]:35844
Oct 23 20:02 : client: [1] closed
Oct 23 20:02 : client: [2] opened from [::1]:35846
Oct 23 20:02 : client: [2] closed
Oct 23 20:02 : client: [3] opened from [::1]:35848
Oct 23 20:02 : client: [3] closed
Oct 23 20:09 : exception: RTIOThread could not get realtime scheduling, continuing anyway: sched_setscheduler failed: Operation not permitted
Oct 23 20:09 : avahi: Service 'Music Player @ x250' successfully established.
Oct 23 20:09 : client: [0] opened from [::1]:53862
Oct 24 19:07 : exception: RTIOThread could not get realtime scheduling, continuing anyway: sched_setscheduler failed: Operation not permitted
Oct 24 19:07 : client: [0] opened from [::1]:48340
Oct 24 19:07 : avahi: Service 'Music Player @ x250' successfully established.
Oct 24 12:09 : client: [0] closed
Oct 24 12:45 : exception: RTIOThread could not get realtime scheduling, continuing anyway: sched_setscheduler failed: Operation not permitted
Oct 24 12:45 : client: [0] opened from [::1]:56294
Oct 24 12:45 : avahi: Service 'Music Player @ x250' successfully established.
Oct 24 13:13 : exception: RTIOThread could not get realtime scheduling, continuing anyway: sched_setscheduler failed: Operation not permitted
Oct 24 13:13 : client: [0] opened from [::1]:46322
Oct 24 13:13 : avahi: Service 'Music Player @ x250' successfully established.
Oct 25 08:15 : exception: RTIOThread could not get realtime scheduling, continuing anyway: sched_setscheduler failed: Operation not permitted
Oct 25 08:15 : client: [0] opened from [::1]:59714
Oct 25 08:15 : avahi: Service 'Music Player @ x250' successfully established.
Oct 25 08:27 : client: [1] opened from [::1]:59872
Oct 25 08:27 : client: [1] closed
Oct 25 08:27 : client: [2] opened from [::1]:59874
Oct 25 08:27 : client: [2] closed
Oct 25 08:27 : client: [3] opened from [::1]:59876
Oct 25 08:27 : client: [3] closed
Oct 25 08:27 : exception: OutputThread could not get realtime scheduling, continuing anyway: sched_setscheduler failed: Operation not permitted
Oct 25 08:27 : exception: OutputThread could not get realtime scheduling, continuing anyway: sched_setscheduler failed: Operation not permitted
Oct 25 08:28 : client: [4] opened from [::1]:59880
Oct 25 08:28 : client: [4] closed
Oct 25 08:28 : client: [5] opened from [::1]:59882
Oct 25 08:28 : client: [5] closed
Oct 25 08:28 : client: [6] opened from [::1]:59884
Oct 25 08:28 : client: [6] closed
Oct 25 08:28 : client: [7] opened from [::1]:59886
Oct 25 08:28 : client: [7] closed
Oct 25 08:28 : client: [8] opened from [::1]:59888
Oct 25 08:28 : client: [8] closed
Oct 25 08:28 : client: [9] opened from [::1]:59890
Oct 25 08:28 : client: [9] closed
Oct 25 08:28 : client: [10] opened from [::1]:59892
Oct 25 08:28 : client: [10] closed
Oct 25 08:28 : client: [11] opened from [::1]:59894
Oct 25 08:28 : client: [11] closed
Oct 25 08:28 : client: [12] opened from [::1]:59896
Oct 25 08:28 : player: played "Haru Haru - BIGBANG.flac"
Oct 25 08:28 : client: [12] closed
Oct 25 08:53 : client: [13] opened from [::1]:60612
Oct 25 09:12 : client: [13] closed
Oct 25 09:25 : client: [14] opened from [::1]:33090
Oct 25 09:25 : client: [14] closed
Oct 25 09:26 : client: [15] opened from [::1]:33092
Oct 25 09:26 : client: [15] closed
Oct 25 09:27 : client: [16] opened from [::1]:33094
Oct 25 09:27 : client: [16] closed
Oct 25 09:28 : client: [17] opened from [::1]:33098
Oct 25 09:28 : client: [17] closed
Oct 25 09:35 : client: [18] opened from [::1]:33256
Oct 25 09:35 : client: [18] closed
Oct 25 09:36 : client: [19] opened from [::1]:33268
Oct 25 09:36 : client: [19] closed
Oct 25 09:37 : client: [20] opened from [::1]:33272
Oct 25 09:37 : client: [20] closed
Oct 25 09:37 : client: [21] opened from [::1]:33276
Oct 25 09:37 : client: [21] closed
Oct 25 09:46 : client: [22] opened from [::1]:33356
Oct 25 09:46 : client: [22] closed
Oct 25 09:46 : client: [23] opened from [::1]:33358
Oct 25 09:46 : client: [23] closed
Oct 25 09:46 : client: [24] opened from [::1]:33360
Oct 25 09:46 : client: [24] closed
Oct 25 09:46 : client: [25] opened from [::1]:33362
Oct 25 09:46 : client: [25] closed
Oct 25 09:46 : client: [26] opened from [::1]:33364
Oct 25 09:46 : client: [26] closed
Oct 25 09:46 : client: [27] opened from [::1]:33366
Oct 25 09:46 : client: [27] closed
Oct 25 09:46 : client: [28] opened from [::1]:33368
Oct 25 09:46 : client: [28] closed
Oct 25 09:46 : client: [29] opened from [::1]:33370
Oct 25 09:46 : client: [29] closed
Oct 25 09:46 : client: [30] opened from [::1]:33372
Oct 25 09:46 : client: [30] closed
Oct 25 09:47 : client: [31] opened from [::1]:33382
Oct 25 09:47 : client: [31] closed
Oct 25 09:47 : client: [32] opened from [::1]:33384
Oct 25 09:47 : client: [32] closed
Oct 25 09:47 : client: [33] opened from [::1]:33386
Oct 25 09:47 : client: [33] closed
Oct 25 09:47 : client: [34] opened from [::1]:33388
Oct 25 09:47 : client: [34] closed
Oct 25 09:47 : client: [35] opened from [::1]:33390
Oct 25 09:47 : client: [35] closed
Oct 25 09:47 : client: [36] opened from [::1]:33392
Oct 25 09:47 : player: played "Haru Haru - BIGBANG.flac"
Oct 25 09:47 : client: [36] closed
Oct 25 10:55 : exception: RTIOThread could not get realtime scheduling, continuing anyway: sched_setscheduler failed: Operation not permitted
Oct 25 10:55 : client: [0] opened from [::1]:56400
Oct 25 10:55 : avahi: Service 'Music Player @ x250' successfully established.
Oct 25 11:02 : client: [1] opened from [::1]:56562
Oct 25 11:02 : client: [1] closed
Oct 25 11:02 : client: [2] opened from [::1]:56564
Oct 25 11:02 : client: [2] closed
Oct 25 11:02 : client: [3] opened from [::1]:56568
Oct 25 11:02 : exception: OutputThread could not get realtime scheduling, continuing anyway: sched_setscheduler failed: Operation not permitted
Oct 25 11:02 : exception: OutputThread could not get realtime scheduling, continuing anyway: sched_setscheduler failed: Operation not permitted
Oct 25 11:02 : client: [4] opened from [::1]:56570
Oct 25 11:02 : client: [4] closed
Oct 25 11:02 : client: [5] opened from [::1]:56572
Oct 25 11:02 : client: [5] closed
Oct 25 11:02 : client: [6] opened from [::1]:56574
Oct 25 11:02 : client: [6] closed
Oct 25 11:02 : client: [7] opened from [::1]:56576
Oct 25 11:02 : client: [7] closed
Oct 25 11:02 : client: [8] opened from [::1]:56578
Oct 25 11:02 : client: [8] closed
Oct 25 11:02 : client: [9] opened from [::1]:56580
Oct 25 11:02 : player: played "Haru Haru - BIGBANG.flac"
Oct 25 11:02 : client: [9] closed
Oct 25 11:07 : client: [3] closed
Oct 25 11:08 : client: [10] opened from [::1]:56696
Oct 25 11:08 : client: [10] closed
Oct 25 11:09 : client: [11] opened from [::1]:56706
Oct 25 11:09 : client: [11] closed
Oct 25 11:09 : client: [12] opened from [::1]:56708
Oct 25 11:09 : client: [12] closed
Oct 25 11:09 : client: [13] opened from [::1]:56710
Oct 25 11:09 : client: [13] closed
Oct 25 11:10 : client: [14] opened from [::1]:56714
Oct 25 11:10 : client: [15] opened from [::1]:56718
Oct 25 11:10 : client: [15] closed
Oct 25 11:10 : client: [16] opened from [::1]:56720
Oct 25 11:10 : client: [16] closed
Oct 25 11:10 : client: [17] opened from [::1]:56722
Oct 25 11:10 : player: played "Haru Haru - BIGBANG.flac"
Oct 25 11:10 : client: [17] closed
Oct 25 11:13 : client: [14] closed
Oct 25 11:27 : client: [18] opened from [::1]:57572
Oct 25 11:27 : exception: Failed to open /home/quantrancse/.mpd/playlists: No such file or directory
Oct 25 11:27 : update: added /In Love - July.flac
Oct 25 11:27 : update: added /Cherry blossom-OCTOBER.flac
Oct 25 11:27 : exception: Failed to open /home/quantrancse/.mpd/playlists: No such file or directory
Oct 25 11:29 : client: [18] closed
Oct 25 11:29 : client: [19] opened from [::1]:57606
Oct 25 11:29 : exception: Failed to open /home/quantrancse/.mpd/playlists: No such file or directory
Oct 25 11:29 : client: [19] closed
Oct 25 11:30 : client: [20] opened from [::1]:57608
Oct 25 11:30 : exception: Failed to open /home/quantrancse/.mpd/playlists: No such file or directory
Oct 25 11:30 : client: [20] closed
Oct 25 11:30 : player: played "Cherry blossom-OCTOBER.flac"
Oct 25 11:33 : client: [21] opened from [::1]:57682
Oct 25 11:33 : client: [21] closed
Oct 25 11:33 : client: [22] opened from [::1]:57686
Oct 25 11:33 : client: [22] closed
Oct 25 11:33 : client: [23] opened from [::1]:57688
Oct 25 11:33 : client: [23] closed
Oct 25 11:33 : client: [24] opened from [::1]:57690
Oct 25 11:33 : player: played "Cherry blossom-OCTOBER.flac"
Oct 25 11:33 : client: [24] closed
Oct 25 11:34 : exception: RTIOThread could not get realtime scheduling, continuing anyway: sched_setscheduler failed: Operation not permitted
Oct 25 11:34 : client: [0] opened from [::1]:51092
Oct 25 11:34 : avahi: Service 'Music Player @ x250' successfully established.
Oct 25 11:34 : client: [1] opened from [::1]:51094
Oct 25 11:34 : exception: Failed to open /home/quantrancse/.mpd/playlists: No such file or directory
Oct 25 11:34 : client: [1] closed
Oct 25 11:34 : client: [2] opened from [::1]:51112
Oct 25 11:34 : exception: Failed to open /home/quantrancse/.mpd/playlists: No such file or directory
Oct 25 11:34 : update: removing Cherry blossom-OCTOBER.flac
Oct 25 11:34 : update: added /Cherry_blossom-OCTOBER.flac
Oct 25 11:34 : exception: Failed to open /home/quantrancse/.mpd/playlists: No such file or directory
Oct 25 11:35 : client: [2] closed
Oct 25 11:38 : client: [3] opened from [::1]:51204
Oct 25 11:38 : exception: Failed to open /home/quantrancse/.mpd/playlists: No such file or directory
Oct 25 11:38 : update: removing In Love - July.flac
Oct 25 11:38 : update: added /InLove-July.flac
Oct 25 11:38 : exception: Failed to open /home/quantrancse/.mpd/playlists: No such file or directory
Oct 25 11:38 : client: [3] closed
Oct 25 11:39 : client: [4] opened from [::1]:51218
Oct 25 11:39 : exception: Failed to open /home/quantrancse/.mpd/playlists: No such file or directory
Oct 25 11:39 : client: [4] closed
Oct 25 11:40 : client: [5] opened from [::1]:51222
Oct 25 11:40 : exception: Failed to open /home/quantrancse/.mpd/playlists: No such file or directory
Oct 25 11:40 : update: removing Cherry_blossom-OCTOBER.flac
Oct 25 11:40 : update: removing InLove-July.flac
Oct 25 11:40 : update: added /Cherry blossom - OCTOBER.flac
Oct 25 11:40 : update: added /In Love - July.flac
Oct 25 11:40 : exception: Failed to open /home/quantrancse/.mpd/playlists: No such file or directory
Oct 25 11:40 : update: updating /Cherry blossom - OCTOBER.flac
Oct 25 11:40 : exception: Failed to open /home/quantrancse/.mpd/playlists: No such file or directory
Oct 25 11:41 : exception: OutputThread could not get realtime scheduling, continuing anyway: sched_setscheduler failed: Operation not permitted
Oct 25 11:41 : exception: OutputThread could not get realtime scheduling, continuing anyway: sched_setscheduler failed: Operation not permitted
Oct 25 11:41 : client: [6] opened from [::1]:51226
Oct 25 11:41 : client: [6] closed
Oct 25 11:41 : client: [7] opened from [::1]:51228
Oct 25 11:41 : client: [7] closed
Oct 25 11:41 : client: [8] opened from [::1]:51230
Oct 25 11:41 : client: [8] closed
Oct 25 11:42 : update: added /Time to love - OCTOBER.flac
Oct 25 11:42 : exception: Failed to open /home/quantrancse/.mpd/playlists: No such file or directory
Oct 25 11:43 : update: updating /Time to love - OCTOBER.flac
Oct 25 11:43 : exception: Failed to open /home/quantrancse/.mpd/playlists: No such file or directory
Oct 25 11:43 : client: [9] opened from [::1]:51292
Oct 25 11:43 : client: [9] closed
Oct 25 11:43 : client: [10] opened from [::1]:51294
Oct 25 11:43 : client: [10] closed
Oct 25 11:43 : client: [11] opened from [::1]:51296
Oct 25 11:43 : player: played "Time to love - OCTOBER.flac"
Oct 25 11:43 : client: [11] closed
Oct 25 11:54 : update: added /Missing You - Kana Nishino.mp3
Oct 25 11:54 : update: added /Tears - OCTOBER.flac
Oct 25 11:54 : update: added /With you - OCTOBER.flac
Oct 25 11:54 : exception: Failed to open /home/quantrancse/.mpd/playlists: No such file or directory
Oct 25 11:55 : update: updating /Missing You - Kana Nishino.mp3
Oct 25 11:55 : exception: Failed to open /home/quantrancse/.mpd/playlists: No such file or directory
Oct 25 11:55 : update: updating /Tears - OCTOBER.flac
Oct 25 11:55 : exception: Failed to open /home/quantrancse/.mpd/playlists: No such file or directory
Oct 25 11:56 : update: updating /With you - OCTOBER.flac
Oct 25 11:56 : exception: Failed to open /home/quantrancse/.mpd/playlists: No such file or directory
Oct 25 11:56 : client: [12] opened from [::1]:51812
Oct 25 11:56 : client: [12] closed
Oct 25 11:56 : client: [13] opened from [::1]:51814
Oct 25 11:56 : client: [13] closed
Oct 25 11:56 : client: [14] opened from [::1]:51818
Oct 25 11:56 : player: played "Missing You - Kana Nishino.mp3"
Oct 25 11:56 : client: [14] closed
Oct 25 11:59 : update: added /Best Friend - Lefty Hand Cream.mp3
Oct 25 11:59 : exception: Failed to open /home/quantrancse/.mpd/playlists: No such file or directory
Oct 25 12:00 : update: updating /Best Friend - Lefty Hand Cream.mp3
Oct 25 12:00 : exception: Failed to open /home/quantrancse/.mpd/playlists: No such file or directory
Oct 25 12:00 : client: [5] closed
Oct 25 12:23 : client: [15] opened from [::1]:52218
Oct 25 12:23 : update: removing Haru Haru - BIGBANG.flac
Oct 25 12:23 : exception: Failed to open /home/quantrancse/.mpd/playlists: No such file or directory
Oct 25 12:23 : client: [15] closed
Oct 25 12:23 : client: [16] opened from [::1]:52220
Oct 25 12:23 : client: [16] closed
Oct 25 12:23 : client: [17] opened from [::1]:52222
Oct 25 12:23 : client: [17] closed
Oct 25 12:23 : client: [18] opened from [::1]:52224
Oct 25 12:23 : client: [18] closed
Oct 25 12:25 : client: [19] opened from [::1]:52282
Oct 25 12:25 : client: [19] closed
Oct 25 12:25 : client: [20] opened from [::1]:52284
Oct 25 12:25 : client: [20] closed
Oct 25 12:25 : client: [21] opened from [::1]:52286
Oct 25 12:25 : client: [21] closed
Oct 25 12:25 : player: played "Missing You - Kana Nishino.mp3"
Oct 25 12:25 : exception: RTIOThread could not get realtime scheduling, continuing anyway: sched_setscheduler failed: Operation not permitted
Oct 25 12:25 : exception: OutputThread could not get realtime scheduling, continuing anyway: sched_setscheduler failed: Operation not permitted
Oct 25 12:25 : client: [0] opened from [::1]:41734
Oct 25 12:25 : avahi: Service 'Music Player @ x250' successfully established.
Oct 25 12:25 : client: [1] opened from [::1]:41740
Oct 25 12:25 : client: [1] closed
Oct 25 12:25 : client: [2] opened from [::1]:41742
Oct 25 12:25 : client: [2] closed
Oct 25 12:25 : client: [3] opened from [::1]:41744
Oct 25 12:25 : player: played "Missing You - Kana Nishino.mp3"
Oct 25 12:25 : client: [3] closed
Oct 25 12:41 : client: [4] opened from [::1]:41932
Oct 25 12:41 : client: [4] closed
Oct 25 12:41 : client: [5] opened from [::1]:41934
Oct 25 12:41 : client: [5] closed
Oct 25 12:41 : client: [6] opened from [::1]:41936
Oct 25 12:41 : client: [6] closed
Oct 25 12:41 : exception: OutputThread could not get realtime scheduling, continuing anyway: sched_setscheduler failed: Operation not permitted
Oct 25 12:41 : client: [7] opened from [::1]:41938
Oct 25 12:41 : client: [7] closed
Oct 25 12:41 : client: [8] opened from [::1]:41940
Oct 25 12:41 : client: [8] closed
Oct 25 12:41 : client: [9] opened from [::1]:41942
Oct 25 12:41 : client: [9] closed
Oct 25 12:41 : client: [10] opened from [::1]:41944
Oct 25 12:41 : client: [10] closed
Oct 25 12:41 : client: [11] opened from [::1]:41946
Oct 25 12:41 : client: [11] closed
Oct 25 12:41 : client: [12] opened from [::1]:41948
Oct 25 12:41 : player: played "Best Friend - Lefty Hand Cream.mp3"
Oct 25 12:41 : client: [12] closed
Oct 25 12:47 : client: [13] opened from [::1]:42014
Oct 25 12:47 : client: [13] closed
Oct 25 12:47 : client: [14] opened from [::1]:42016
Oct 25 12:47 : client: [14] closed
Oct 25 12:47 : client: [15] opened from [::1]:42018
Oct 25 12:47 : client: [15] closed
Oct 25 12:47 : client: [16] opened from [::1]:42020
Oct 25 12:47 : client: [16] closed
Oct 25 12:47 : client: [17] opened from [::1]:42022
Oct 25 12:47 : client: [17] closed
Oct 25 12:47 : client: [18] opened from [::1]:42024
Oct 25 12:47 : client: [18] closed
Oct 25 12:47 : client: [19] opened from [::1]:42026
Oct 25 12:47 : player: played "Best Friend - Lefty Hand Cream.mp3"
Oct 25 12:47 : client: [19] closed
Oct 25 12:49 : client: [20] opened from [::1]:42042
Oct 25 12:49 : client: [20] closed
Oct 25 12:49 : client: [21] opened from [::1]:42044
Oct 25 12:49 : client: [21] closed
Oct 25 12:49 : client: [22] opened from [::1]:42046
Oct 25 12:49 : client: [22] closed
Oct 25 12:49 : client: [23] opened from [::1]:42048
Oct 25 12:49 : client: [23] closed
Oct 25 12:49 : client: [24] opened from [::1]:42050
Oct 25 12:49 : client: [24] closed
Oct 25 12:49 : client: [25] opened from [::1]:42052
Oct 25 12:49 : client: [25] closed
Oct 25 12:49 : client: [26] opened from [::1]:42054
Oct 25 12:49 : client: [26] closed
Oct 25 12:49 : client: [27] opened from [::1]:42056
Oct 25 12:49 : client: [27] closed
Oct 25 12:49 : client: [28] opened from [::1]:42058
Oct 25 12:49 : player: played "Missing You - Kana Nishino.mp3"
Oct 25 12:49 : client: [28] closed
Oct 25 14:55 : client: [29] opened from [::1]:42240
Oct 25 14:55 : client: [29] closed
Oct 25 14:55 : client: [30] opened from [::1]:42242
Oct 25 14:55 : client: [30] closed
Oct 25 14:55 : client: [31] opened from [::1]:42244
Oct 25 14:55 : client: [31] closed
Oct 25 14:55 : client: [32] opened from [::1]:42246
Oct 25 14:55 : client: [32] closed
Oct 25 14:55 : client: [33] opened from [::1]:42248
Oct 25 14:55 : client: [33] closed
Oct 25 14:55 : client: [34] opened from [::1]:42250
Oct 25 14:55 : client: [34] closed
Oct 25 14:55 : client: [35] opened from [::1]:42252
Oct 25 14:55 : player: played "Cherry blossom - OCTOBER.flac"
Oct 25 14:55 : client: [35] closed
Oct 25 14:55 : client: [36] opened from [::1]:42254
Oct 25 14:55 : client: [36] closed
Oct 25 14:55 : client: [37] opened from [::1]:42256
Oct 25 14:55 : client: [37] closed
Oct 25 14:55 : client: [38] opened from [::1]:42258
Oct 25 14:55 : client: [38] closed
Oct 25 14:56 : client: [39] opened from [::1]:42274
Oct 25 14:56 : client: [39] closed
Oct 25 14:56 : client: [40] opened from [::1]:42276
Oct 25 14:56 : client: [40] closed
Oct 25 14:56 : client: [41] opened from [::1]:42282
Oct 25 14:56 : client: [41] closed
Oct 25 14:56 : client: [42] opened from [::1]:42284
Oct 25 14:56 : client: [42] closed
Oct 25 14:56 : client: [43] opened from [::1]:42286
Oct 25 14:56 : client: [43] closed
Oct 25 14:56 : client: [44] opened from [::1]:42292
Oct 25 14:56 : client: [44] closed
Oct 25 14:58 : player: played "Cherry blossom - OCTOBER.flac"
Oct 25 15:01 : player: played "Cherry blossom - OCTOBER.flac"
Oct 25 15:04 : player: played "Cherry blossom - OCTOBER.flac"
Oct 25 15:04 : client: [45] opened from [::1]:42474
Oct 25 15:04 : client: [45] closed
Oct 25 15:04 : client: [46] opened from [::1]:42476
Oct 25 15:04 : client: [46] closed
Oct 25 15:04 : client: [47] opened from [::1]:42478
Oct 25 15:04 : client: [47] closed
Oct 25 15:06 : client: [48] opened from [::1]:42518
Oct 25 15:06 : client: [48] closed
Oct 25 15:06 : client: [49] opened from [::1]:42520
Oct 25 15:06 : client: [49] closed
Oct 25 15:06 : client: [50] opened from [::1]:42556
Oct 25 15:06 : client: [50] closed
Oct 25 15:07 : client: [51] opened from [::1]:42560
Oct 25 15:07 : client: [51] closed
Oct 25 15:07 : player: played "Cherry blossom - OCTOBER.flac"
Oct 25 15:08 : client: [52] opened from [::1]:42586
Oct 25 15:08 : client: [52] closed
Oct 25 15:08 : client: [53] opened from [::1]:42588
Oct 25 15:08 : client: [53] closed
Oct 25 15:08 : client: [54] opened from [::1]:42590
Oct 25 15:08 : client: [54] closed
Oct 25 15:08 : client: [55] opened from [::1]:42592
Oct 25 15:08 : client: [55] closed
Oct 25 15:08 : client: [56] opened from [::1]:42594
Oct 25 15:08 : client: [56] closed
Oct 25 15:08 : client: [57] opened from [::1]:42596
Oct 25 15:08 : client: [57] closed
Oct 25 15:08 : client: [58] opened from [::1]:42598
Oct 25 15:08 : client: [58] closed
Oct 25 15:08 : client: [59] opened from [::1]:42600
Oct 25 15:08 : client: [59] closed
Oct 25 15:08 : client: [60] opened from [::1]:42602
Oct 25 15:08 : client: [60] closed
Oct 25 15:10 : client: [61] opened from [::1]:42610
Oct 25 15:11 : player: played "Cherry blossom - OCTOBER.flac"
Oct 25 15:12 : client: [61] closed
Oct 25 15:12 : client: [62] opened from [::1]:42618
Oct 25 15:12 : exception: Failed to open /home/quantrancse/.mpd/playlists: No such file or directory
Oct 25 15:14 : client: [63] opened from [::1]:42626
Oct 25 15:14 : client: [63] closed
Oct 25 15:14 : client: [64] opened from [::1]:42628
Oct 25 15:14 : client: [64] closed
Oct 25 15:14 : client: [65] opened from [::1]:42630
Oct 25 15:14 : client: [65] closed
Oct 25 15:14 : player: played "Cherry blossom - OCTOBER.flac"
Oct 25 15:15 : client: [66] opened from [::1]:42634
Oct 25 15:15 : client: [62] closed
Oct 25 15:15 : client: [67] opened from [::1]:42636
Oct 25 15:15 : client: [66] closed
Oct 25 15:15 : client: [68] opened from [::1]:42638
Oct 25 15:15 : client: [67] closed
Oct 25 15:15 : client: [69] opened from [::1]:42640
Oct 25 15:15 : client: [68] closed
Oct 25 15:15 : client: [70] opened from [::1]:42642
Oct 25 15:15 : client: [69] closed
Oct 25 15:15 : client: [70] closed
Oct 25 15:15 : client: [71] opened from [::1]:42644
Oct 25 15:15 : client: [71] closed
Oct 25 15:17 : client: [0] closed
Oct 25 15:17 : client: [72] opened from [::1]:42650
Oct 25 15:18 : player: played "In Love - July.flac"
Oct 25 15:19 : client: [72] closed
Oct 25 15:19 : client: [73] opened from [::1]:42656
Oct 25 15:20 : client: [74] opened from [::1]:42660
Oct 25 15:20 : client: [74] closed
Oct 25 15:20 : client: [75] opened from [::1]:42662
Oct 25 15:20 : client: [75] closed
Oct 25 15:20 : client: [73] closed
Oct 25 15:20 : client: [76] opened from [::1]:42664
Oct 25 15:20 : client: [77] opened from [::1]:42668
Oct 25 15:25 : player: played "In Love - July.flac"
Oct 25 15:27 : client: [77] closed
Oct 25 15:27 : client: [78] opened from [::1]:42690
Oct 25 15:27 : player: played "Time to love - OCTOBER.flac"
Oct 25 15:27 : client: [78] closed
Oct 25 15:27 : client: [79] opened from [::1]:42692
Oct 25 15:27 : client: [79] closed
Oct 25 15:27 : client: [80] opened from [::1]:42694
Oct 25 15:27 : player: played "Time to love - OCTOBER.flac"
Oct 25 15:27 : client: [80] closed
Oct 25 15:27 : client: [81] opened from [::1]:42696
Oct 25 15:27 : client: [81] closed
Oct 25 15:27 : client: [82] opened from [::1]:42698
Oct 25 15:27 : player: played "Time to love - OCTOBER.flac"
Oct 25 15:27 : client: [82] closed
Oct 25 15:27 : client: [83] opened from [::1]:42700
Oct 25 15:27 : client: [83] closed
Oct 25 15:27 : client: [84] opened from [::1]:42702
Oct 25 15:27 : player: played "Time to love - OCTOBER.flac"
Oct 25 15:27 : client: [84] closed
Oct 25 15:27 : client: [85] opened from [::1]:42704
Oct 25 15:27 : client: [85] closed
Oct 25 15:27 : client: [86] opened from [::1]:42706
Oct 25 15:27 : client: [86] closed
Oct 25 15:27 : client: [87] opened from [::1]:42708
Oct 25 15:27 : client: [87] closed
Oct 25 15:27 : client: [88] opened from [::1]:42710
Oct 25 15:27 : client: [88] closed
Oct 25 15:27 : client: [89] opened from [::1]:42712
Oct 25 15:27 : client: [89] closed
Oct 25 15:27 : client: [90] opened from [::1]:42714
Oct 25 15:27 : client: [90] closed
Oct 25 15:31 : player: played "In Love - July.flac"
Oct 25 15:34 : client: [91] opened from [::1]:42840
Oct 25 15:35 : player: played "Time to love - OCTOBER.flac"
Oct 25 15:37 : client: [91] closed
Oct 25 15:38 : client: [92] opened from [::1]:43008
Oct 25 15:38 : client: [92] closed
Oct 25 15:38 : client: [93] opened from [::1]:43010
Oct 25 15:38 : client: [93] closed
Oct 25 15:38 : client: [94] opened from [::1]:43012
Oct 25 15:38 : client: [94] closed
Oct 25 15:38 : client: [95] opened from [::1]:43014
Oct 25 15:38 : client: [95] closed
Oct 25 15:39 : client: [96] opened from [::1]:43068
Oct 25 15:39 : client: [96] closed
Oct 25 15:39 : client: [97] opened from [::1]:43070
Oct 25 15:39 : client: [97] closed
Oct 25 15:39 : client: [98] opened from [::1]:43072
Oct 25 15:39 : player: played "Missing You - Kana Nishino.mp3"
Oct 25 15:39 : client: [98] closed
Oct 25 15:56 : client: [99] opened from [::1]:43464
Oct 25 15:56 : client: [99] closed
Oct 25 15:56 : client: [100] opened from [::1]:43466
Oct 25 15:56 : client: [100] closed
Oct 25 15:57 : client: [101] opened from [::1]:43468
Oct 25 15:57 : client: [101] closed
Oct 25 15:57 : client: [102] opened from [::1]:43470
Oct 25 15:57 : client: [102] closed
Oct 25 15:57 : client: [103] opened from [::1]:43472
Oct 25 15:57 : client: [103] closed
Oct 25 15:57 : client: [104] opened from [::1]:43474
Oct 25 15:57 : client: [104] closed
Oct 25 15:58 : client: [105] opened from [::1]:43478
Oct 25 16:01 : player: played "In Love - July.flac"
Oct 25 16:02 : client: [106] opened from [::1]:43566
Oct 25 16:03 : client: [106] closed
Oct 25 16:03 : client: [107] opened from [::1]:43568
Oct 25 16:03 : client: [107] closed
Oct 25 16:03 : client: [108] opened from [::1]:43570
Oct 25 16:03 : client: [108] closed
Oct 25 16:03 : client: [105] closed
Oct 25 16:05 : player: played "Time to love - OCTOBER.flac"
